2025-02-27 00:13:58,262 - root - INFO - Logging initialized: console=INFO, file=DEBUG, log_dir=logs
2025-02-27 00:13:58,327 - scout.error_handling - INFO - Global exception handling set up
2025-02-27 00:13:58,328 - scout.config_manager - DEBUG - Configuration loaded successfully
2025-02-27 00:13:58,332 - scout.window_manager - INFO - Found window: Total Battle (handle: 132128)
2025-02-27 00:13:58,468 - scout.error_handling - CRITICAL - Unhandled exception
Traceback (most recent call last):
  File "d:\OneDrive\AI\Projekte\Scout\tb\scout\main.py", line 193, in <module>
    main()
  File "d:\OneDrive\AI\Projekte\Scout\tb\scout\main.py", line 116, in main
    capture_manager.set_window_interface(window_interface)
  File "D:\OneDrive\AI\Projekte\Scout\tb\scout\screen_capture\capture_manager.py", line 111, in set_window_interface
    if window_interface and window_interface.is_valid():
AttributeError: 'WindowManager' object has no attribute 'is_valid'
2025-02-27 00:13:58,470 - scout.error_handling - ERROR - 'WindowManager' object has no attribute 'is_valid'
Traceback (most recent call last):
  File "d:\OneDrive\AI\Projekte\Scout\tb\scout\main.py", line 193, in <module>
    main()
  File "d:\OneDrive\AI\Projekte\Scout\tb\scout\main.py", line 116, in main
    capture_manager.set_window_interface(window_interface)
  File "D:\OneDrive\AI\Projekte\Scout\tb\scout\screen_capture\capture_manager.py", line 111, in set_window_interface
    if window_interface and window_interface.is_valid():
AttributeError: 'WindowManager' object has no attribute 'is_valid'
