2025-02-27 00:19:31,854 - root - INFO - Logging initialized: console=INFO, file=DEBUG, log_dir=logs
2025-02-27 00:19:31,869 - scout.error_handling - INFO - Global exception handling set up
2025-02-27 00:19:31,870 - scout.config_manager - DEBUG - Configuration loaded successfully
2025-02-27 00:19:31,871 - scout.window_manager - INFO - Found window: Total Battle (handle: 132128)
2025-02-27 00:19:31,949 - scout.screen_capture.capture_manager - INFO - Set window interface: handle=132128, geometry=(-32000, -32000, -31763, -31961)
2025-02-27 00:19:31,966 - scout.sound_manager - DEBUG - Loaded sound: D:\OneDrive\AI\Projekte\Scout\tb\scout\sounds\alarm.wav
2025-02-27 00:19:31,966 - scout.template_matcher - DEBUG - Cleared existing templates
2025-02-27 00:19:31,967 - scout.template_matcher - DEBUG - Looking for templates in: D:\OneDrive\AI\Projekte\Scout\tb\scout\templates
2025-02-27 00:19:31,967 - scout.template_matcher - DEBUG - Found 2 template files: ['Crypt.png', 'crypt_small.png']
2025-02-27 00:19:31,967 - scout.template_matcher - DEBUG - Successfully loaded template: Crypt (32x32)
2025-02-27 00:19:31,967 - scout.template_matcher - DEBUG - Successfully loaded template: crypt_small (33x32)
2025-02-27 00:19:31,967 - scout.template_matcher - INFO - Loaded 2 templates: ['Crypt', 'crypt_small']
2025-02-27 00:19:31,968 - scout.config_manager - DEBUG - Configuration loaded successfully
2025-02-27 00:19:31,969 - scout.sound_manager - DEBUG - Loaded sound: D:\OneDrive\AI\Projekte\Scout\tb\scout\sounds\alarm.wav
2025-02-27 00:19:31,969 - scout.error_handling - CRITICAL - Unhandled exception
Traceback (most recent call last):
  File "d:\OneDrive\AI\Projekte\Scout\tb\scout\main.py", line 196, in <module>
    main()
  File "d:\OneDrive\AI\Projekte\Scout\tb\scout\main.py", line 131, in main
    overlay = Overlay(window_manager)
TypeError: Overlay.__init__() missing 2 required positional arguments: 'template_settings' and 'overlay_settings'
2025-02-27 00:19:31,970 - scout.error_handling - ERROR - Overlay.__init__() missing 2 required positional arguments: 'template_settings' and 'overlay_settings'
Traceback (most recent call last):
  File "d:\OneDrive\AI\Projekte\Scout\tb\scout\main.py", line 196, in <module>
    main()
  File "d:\OneDrive\AI\Projekte\Scout\tb\scout\main.py", line 131, in main
    overlay = Overlay(window_manager)
TypeError: Overlay.__init__() missing 2 required positional arguments: 'template_settings' and 'overlay_settings'
